c:\Users\Jerry\documents\visual studio 2012\Projects\CallPrice\CallPrice\Debug\CallPrice.MyForm.resources
C:\Users\Jerry\documents\visual studio 2012\Projects\CallPrice\CallPrice\Debug\CallPrice.MyForm.resources
C:\USERS\JERRY\DOCUMENTS\VISUAL STUDIO 2012\PROJECTS\CALLPRICE\CALLPRICE\DEBUG\MYFORM.OBJ
C:\USERS\JERRY\DOCUMENTS\VISUAL STUDIO 2012\PROJECTS\CALLPRICE\CALLPRICE\DEBUG\VC110.PDB
C:\USERS\JERRY\DOCUMENTS\VISUAL STUDIO 2012\PROJECTS\CALLPRICE\CALLPRICE\DEBUG\.NETFRAMEWORK,VERSION=V4.5.1.ASSEMBLYATTRIBUTES.OBJ
C:\USERS\JERRY\DOCUMENTS\VISUAL STUDIO 2012\PROJECTS\CALLPRICE\DEBUG\CALLPRICE.ILK
C:\USERS\JERRY\DOCUMENTS\VISUAL STUDIO 2012\PROJECTS\CALLPRICE\DEBUG\CALLPRICE.EXE
C:\USERS\JERRY\DOCUMENTS\VISUAL STUDIO 2012\PROJECTS\CALLPRICE\DEBUG\CALLPRICE.PDB
C:\Users\Jerry\documents\visual studio 2012\Projects\CallPrice\CallPrice\Debug\CallPrice.vcxproj.GenerateResource.Cache
C:\Users\Jerry\documents\visual studio 2012\Projects\CallPrice\CallPrice\Debug\CallPrice.vcxprojResolveAssemblyReference.cache
C:\Users\Jerry\documents\visual studio 2012\Projects\CallPrice\CallPrice\Debug\.NETFramework,Version=v4.5.1.AssemblyAttributes.obj
C:\Users\Jerry\documents\visual studio 2012\Projects\CallPrice\CallPrice\Debug\MyForm.obj
C:\Users\Jerry\documents\visual studio 2012\Projects\CallPrice\CallPrice\Debug\CallPrice.write.1.tlog
C:\Users\Jerry\documents\visual studio 2012\Projects\CallPrice\CallPrice\Debug\cl.command.1.tlog
C:\Users\Jerry\documents\visual studio 2012\Projects\CallPrice\CallPrice\Debug\CL.read.1.tlog
C:\Users\Jerry\documents\visual studio 2012\Projects\CallPrice\CallPrice\Debug\CL.write.1.tlog
C:\Users\Jerry\documents\visual studio 2012\Projects\CallPrice\CallPrice\Debug\link.1140-cvtres.read.1.tlog
C:\Users\Jerry\documents\visual studio 2012\Projects\CallPrice\CallPrice\Debug\link.1140-cvtres.write.1.tlog
C:\Users\Jerry\documents\visual studio 2012\Projects\CallPrice\CallPrice\Debug\link.1140-rc.read.1.tlog
C:\Users\Jerry\documents\visual studio 2012\Projects\CallPrice\CallPrice\Debug\link.1140-rc.write.1.tlog
C:\Users\Jerry\documents\visual studio 2012\Projects\CallPrice\CallPrice\Debug\link.1140.read.1.tlog
C:\Users\Jerry\documents\visual studio 2012\Projects\CallPrice\CallPrice\Debug\link.1140.write.1.tlog
C:\Users\Jerry\documents\visual studio 2012\Projects\CallPrice\CallPrice\Debug\link.1376-cvtres.read.1.tlog
C:\Users\Jerry\documents\visual studio 2012\Projects\CallPrice\CallPrice\Debug\link.1376-cvtres.write.1.tlog
C:\Users\Jerry\documents\visual studio 2012\Projects\CallPrice\CallPrice\Debug\link.1376-rc.read.1.tlog
C:\Users\Jerry\documents\visual studio 2012\Projects\CallPrice\CallPrice\Debug\link.1376-rc.write.1.tlog
C:\Users\Jerry\documents\visual studio 2012\Projects\CallPrice\CallPrice\Debug\link.1376.read.1.tlog
C:\Users\Jerry\documents\visual studio 2012\Projects\CallPrice\CallPrice\Debug\link.1376.write.1.tlog
C:\Users\Jerry\documents\visual studio 2012\Projects\CallPrice\CallPrice\Debug\link.1856-cvtres.read.1.tlog
C:\Users\Jerry\documents\visual studio 2012\Projects\CallPrice\CallPrice\Debug\link.1856-cvtres.write.1.tlog
C:\Users\Jerry\documents\visual studio 2012\Projects\CallPrice\CallPrice\Debug\link.1856-rc.read.1.tlog
C:\Users\Jerry\documents\visual studio 2012\Projects\CallPrice\CallPrice\Debug\link.1856-rc.write.1.tlog
C:\Users\Jerry\documents\visual studio 2012\Projects\CallPrice\CallPrice\Debug\link.1856.read.1.tlog
C:\Users\Jerry\documents\visual studio 2012\Projects\CallPrice\CallPrice\Debug\link.1856.write.1.tlog
C:\Users\Jerry\documents\visual studio 2012\Projects\CallPrice\CallPrice\Debug\link.2368-cvtres.read.1.tlog
C:\Users\Jerry\documents\visual studio 2012\Projects\CallPrice\CallPrice\Debug\link.2368-cvtres.write.1.tlog
C:\Users\Jerry\documents\visual studio 2012\Projects\CallPrice\CallPrice\Debug\link.2368-rc.read.1.tlog
C:\Users\Jerry\documents\visual studio 2012\Projects\CallPrice\CallPrice\Debug\link.2368-rc.write.1.tlog
C:\Users\Jerry\documents\visual studio 2012\Projects\CallPrice\CallPrice\Debug\link.2368.read.1.tlog
C:\Users\Jerry\documents\visual studio 2012\Projects\CallPrice\CallPrice\Debug\link.2368.write.1.tlog
C:\Users\Jerry\documents\visual studio 2012\Projects\CallPrice\CallPrice\Debug\link.240-cvtres.read.1.tlog
C:\Users\Jerry\documents\visual studio 2012\Projects\CallPrice\CallPrice\Debug\link.240-cvtres.write.1.tlog
C:\Users\Jerry\documents\visual studio 2012\Projects\CallPrice\CallPrice\Debug\link.240-rc.read.1.tlog
C:\Users\Jerry\documents\visual studio 2012\Projects\CallPrice\CallPrice\Debug\link.240-rc.write.1.tlog
C:\Users\Jerry\documents\visual studio 2012\Projects\CallPrice\CallPrice\Debug\link.240.read.1.tlog
C:\Users\Jerry\documents\visual studio 2012\Projects\CallPrice\CallPrice\Debug\link.240.write.1.tlog
C:\Users\Jerry\documents\visual studio 2012\Projects\CallPrice\CallPrice\Debug\link.2512-cvtres.read.1.tlog
C:\Users\Jerry\documents\visual studio 2012\Projects\CallPrice\CallPrice\Debug\link.2512-cvtres.write.1.tlog
C:\Users\Jerry\documents\visual studio 2012\Projects\CallPrice\CallPrice\Debug\link.2512-rc.read.1.tlog
C:\Users\Jerry\documents\visual studio 2012\Projects\CallPrice\CallPrice\Debug\link.2512-rc.write.1.tlog
C:\Users\Jerry\documents\visual studio 2012\Projects\CallPrice\CallPrice\Debug\link.2512.read.1.tlog
C:\Users\Jerry\documents\visual studio 2012\Projects\CallPrice\CallPrice\Debug\link.2512.write.1.tlog
C:\Users\Jerry\documents\visual studio 2012\Projects\CallPrice\CallPrice\Debug\link.3012-cvtres.read.1.tlog
C:\Users\Jerry\documents\visual studio 2012\Projects\CallPrice\CallPrice\Debug\link.3012-cvtres.write.1.tlog
C:\Users\Jerry\documents\visual studio 2012\Projects\CallPrice\CallPrice\Debug\link.3012-rc.read.1.tlog
C:\Users\Jerry\documents\visual studio 2012\Projects\CallPrice\CallPrice\Debug\link.3012-rc.write.1.tlog
C:\Users\Jerry\documents\visual studio 2012\Projects\CallPrice\CallPrice\Debug\link.3012.read.1.tlog
C:\Users\Jerry\documents\visual studio 2012\Projects\CallPrice\CallPrice\Debug\link.3012.write.1.tlog
C:\Users\Jerry\documents\visual studio 2012\Projects\CallPrice\CallPrice\Debug\link.3644-cvtres.read.1.tlog
C:\Users\Jerry\documents\visual studio 2012\Projects\CallPrice\CallPrice\Debug\link.3644-cvtres.write.1.tlog
C:\Users\Jerry\documents\visual studio 2012\Projects\CallPrice\CallPrice\Debug\link.3644-rc.read.1.tlog
C:\Users\Jerry\documents\visual studio 2012\Projects\CallPrice\CallPrice\Debug\link.3644-rc.write.1.tlog
C:\Users\Jerry\documents\visual studio 2012\Projects\CallPrice\CallPrice\Debug\link.3644.read.1.tlog
C:\Users\Jerry\documents\visual studio 2012\Projects\CallPrice\CallPrice\Debug\link.3644.write.1.tlog
C:\Users\Jerry\documents\visual studio 2012\Projects\CallPrice\CallPrice\Debug\link.4212-cvtres.read.1.tlog
C:\Users\Jerry\documents\visual studio 2012\Projects\CallPrice\CallPrice\Debug\link.4212-cvtres.write.1.tlog
C:\Users\Jerry\documents\visual studio 2012\Projects\CallPrice\CallPrice\Debug\link.4212-rc.read.1.tlog
C:\Users\Jerry\documents\visual studio 2012\Projects\CallPrice\CallPrice\Debug\link.4212-rc.write.1.tlog
C:\Users\Jerry\documents\visual studio 2012\Projects\CallPrice\CallPrice\Debug\link.4212.read.1.tlog
C:\Users\Jerry\documents\visual studio 2012\Projects\CallPrice\CallPrice\Debug\link.4212.write.1.tlog
C:\Users\Jerry\documents\visual studio 2012\Projects\CallPrice\CallPrice\Debug\link.4284-cvtres.read.1.tlog
C:\Users\Jerry\documents\visual studio 2012\Projects\CallPrice\CallPrice\Debug\link.4284-cvtres.write.1.tlog
C:\Users\Jerry\documents\visual studio 2012\Projects\CallPrice\CallPrice\Debug\link.4284-rc.read.1.tlog
C:\Users\Jerry\documents\visual studio 2012\Projects\CallPrice\CallPrice\Debug\link.4284-rc.write.1.tlog
C:\Users\Jerry\documents\visual studio 2012\Projects\CallPrice\CallPrice\Debug\link.4284.read.1.tlog
C:\Users\Jerry\documents\visual studio 2012\Projects\CallPrice\CallPrice\Debug\link.4284.write.1.tlog
C:\Users\Jerry\documents\visual studio 2012\Projects\CallPrice\CallPrice\Debug\link.4604-cvtres.read.1.tlog
C:\Users\Jerry\documents\visual studio 2012\Projects\CallPrice\CallPrice\Debug\link.4604-cvtres.write.1.tlog
C:\Users\Jerry\documents\visual studio 2012\Projects\CallPrice\CallPrice\Debug\link.4604-rc.read.1.tlog
C:\Users\Jerry\documents\visual studio 2012\Projects\CallPrice\CallPrice\Debug\link.4604-rc.write.1.tlog
C:\Users\Jerry\documents\visual studio 2012\Projects\CallPrice\CallPrice\Debug\link.4604.read.1.tlog
C:\Users\Jerry\documents\visual studio 2012\Projects\CallPrice\CallPrice\Debug\link.4604.write.1.tlog
C:\Users\Jerry\documents\visual studio 2012\Projects\CallPrice\CallPrice\Debug\link.5196-cvtres.read.1.tlog
C:\Users\Jerry\documents\visual studio 2012\Projects\CallPrice\CallPrice\Debug\link.5196-cvtres.write.1.tlog
C:\Users\Jerry\documents\visual studio 2012\Projects\CallPrice\CallPrice\Debug\link.5196-rc.read.1.tlog
C:\Users\Jerry\documents\visual studio 2012\Projects\CallPrice\CallPrice\Debug\link.5196-rc.write.1.tlog
C:\Users\Jerry\documents\visual studio 2012\Projects\CallPrice\CallPrice\Debug\link.5196.read.1.tlog
C:\Users\Jerry\documents\visual studio 2012\Projects\CallPrice\CallPrice\Debug\link.5196.write.1.tlog
C:\Users\Jerry\documents\visual studio 2012\Projects\CallPrice\CallPrice\Debug\link.5324-cvtres.read.1.tlog
C:\Users\Jerry\documents\visual studio 2012\Projects\CallPrice\CallPrice\Debug\link.5324-cvtres.write.1.tlog
C:\Users\Jerry\documents\visual studio 2012\Projects\CallPrice\CallPrice\Debug\link.5324-rc.read.1.tlog
C:\Users\Jerry\documents\visual studio 2012\Projects\CallPrice\CallPrice\Debug\link.5324-rc.write.1.tlog
C:\Users\Jerry\documents\visual studio 2012\Projects\CallPrice\CallPrice\Debug\link.5324.read.1.tlog
C:\Users\Jerry\documents\visual studio 2012\Projects\CallPrice\CallPrice\Debug\link.5324.write.1.tlog
C:\Users\Jerry\documents\visual studio 2012\Projects\CallPrice\CallPrice\Debug\link.5404-cvtres.read.1.tlog
C:\Users\Jerry\documents\visual studio 2012\Projects\CallPrice\CallPrice\Debug\link.5404-cvtres.write.1.tlog
C:\Users\Jerry\documents\visual studio 2012\Projects\CallPrice\CallPrice\Debug\link.5404-rc.read.1.tlog
C:\Users\Jerry\documents\visual studio 2012\Projects\CallPrice\CallPrice\Debug\link.5404-rc.write.1.tlog
C:\Users\Jerry\documents\visual studio 2012\Projects\CallPrice\CallPrice\Debug\link.5404.read.1.tlog
C:\Users\Jerry\documents\visual studio 2012\Projects\CallPrice\CallPrice\Debug\link.5404.write.1.tlog
C:\Users\Jerry\documents\visual studio 2012\Projects\CallPrice\CallPrice\Debug\link.5520-cvtres.read.1.tlog
C:\Users\Jerry\documents\visual studio 2012\Projects\CallPrice\CallPrice\Debug\link.5520-cvtres.write.1.tlog
C:\Users\Jerry\documents\visual studio 2012\Projects\CallPrice\CallPrice\Debug\link.5520-rc.read.1.tlog
C:\Users\Jerry\documents\visual studio 2012\Projects\CallPrice\CallPrice\Debug\link.5520-rc.write.1.tlog
C:\Users\Jerry\documents\visual studio 2012\Projects\CallPrice\CallPrice\Debug\link.5520.read.1.tlog
C:\Users\Jerry\documents\visual studio 2012\Projects\CallPrice\CallPrice\Debug\link.5520.write.1.tlog
C:\Users\Jerry\documents\visual studio 2012\Projects\CallPrice\CallPrice\Debug\link.5636-cvtres.read.1.tlog
C:\Users\Jerry\documents\visual studio 2012\Projects\CallPrice\CallPrice\Debug\link.5636-cvtres.write.1.tlog
C:\Users\Jerry\documents\visual studio 2012\Projects\CallPrice\CallPrice\Debug\link.5636-rc.read.1.tlog
C:\Users\Jerry\documents\visual studio 2012\Projects\CallPrice\CallPrice\Debug\link.5636-rc.write.1.tlog
C:\Users\Jerry\documents\visual studio 2012\Projects\CallPrice\CallPrice\Debug\link.5636.read.1.tlog
C:\Users\Jerry\documents\visual studio 2012\Projects\CallPrice\CallPrice\Debug\link.5636.write.1.tlog
C:\Users\Jerry\documents\visual studio 2012\Projects\CallPrice\CallPrice\Debug\link.5856-cvtres.read.1.tlog
C:\Users\Jerry\documents\visual studio 2012\Projects\CallPrice\CallPrice\Debug\link.5856-cvtres.write.1.tlog
C:\Users\Jerry\documents\visual studio 2012\Projects\CallPrice\CallPrice\Debug\link.5856-rc.read.1.tlog
C:\Users\Jerry\documents\visual studio 2012\Projects\CallPrice\CallPrice\Debug\link.5856-rc.write.1.tlog
C:\Users\Jerry\documents\visual studio 2012\Projects\CallPrice\CallPrice\Debug\link.5856.read.1.tlog
C:\Users\Jerry\documents\visual studio 2012\Projects\CallPrice\CallPrice\Debug\link.5856.write.1.tlog
C:\Users\Jerry\documents\visual studio 2012\Projects\CallPrice\CallPrice\Debug\link.6356-cvtres.read.1.tlog
C:\Users\Jerry\documents\visual studio 2012\Projects\CallPrice\CallPrice\Debug\link.6356-cvtres.write.1.tlog
C:\Users\Jerry\documents\visual studio 2012\Projects\CallPrice\CallPrice\Debug\link.6356-rc.read.1.tlog
C:\Users\Jerry\documents\visual studio 2012\Projects\CallPrice\CallPrice\Debug\link.6356-rc.write.1.tlog
C:\Users\Jerry\documents\visual studio 2012\Projects\CallPrice\CallPrice\Debug\link.6356.read.1.tlog
C:\Users\Jerry\documents\visual studio 2012\Projects\CallPrice\CallPrice\Debug\link.6356.write.1.tlog
C:\Users\Jerry\documents\visual studio 2012\Projects\CallPrice\CallPrice\Debug\link.6424-cvtres.read.1.tlog
C:\Users\Jerry\documents\visual studio 2012\Projects\CallPrice\CallPrice\Debug\link.6424-cvtres.write.1.tlog
C:\Users\Jerry\documents\visual studio 2012\Projects\CallPrice\CallPrice\Debug\link.6424-rc.read.1.tlog
C:\Users\Jerry\documents\visual studio 2012\Projects\CallPrice\CallPrice\Debug\link.6424-rc.write.1.tlog
C:\Users\Jerry\documents\visual studio 2012\Projects\CallPrice\CallPrice\Debug\link.6424.read.1.tlog
C:\Users\Jerry\documents\visual studio 2012\Projects\CallPrice\CallPrice\Debug\link.6424.write.1.tlog
C:\Users\Jerry\documents\visual studio 2012\Projects\CallPrice\CallPrice\Debug\link.6576-cvtres.read.1.tlog
C:\Users\Jerry\documents\visual studio 2012\Projects\CallPrice\CallPrice\Debug\link.6576-cvtres.write.1.tlog
C:\Users\Jerry\documents\visual studio 2012\Projects\CallPrice\CallPrice\Debug\link.6576-rc.read.1.tlog
C:\Users\Jerry\documents\visual studio 2012\Projects\CallPrice\CallPrice\Debug\link.6576-rc.write.1.tlog
C:\Users\Jerry\documents\visual studio 2012\Projects\CallPrice\CallPrice\Debug\link.6576.read.1.tlog
C:\Users\Jerry\documents\visual studio 2012\Projects\CallPrice\CallPrice\Debug\link.6576.write.1.tlog
C:\Users\Jerry\documents\visual studio 2012\Projects\CallPrice\CallPrice\Debug\link.6716-cvtres.read.1.tlog
C:\Users\Jerry\documents\visual studio 2012\Projects\CallPrice\CallPrice\Debug\link.6716-cvtres.write.1.tlog
C:\Users\Jerry\documents\visual studio 2012\Projects\CallPrice\CallPrice\Debug\link.6716-rc.read.1.tlog
C:\Users\Jerry\documents\visual studio 2012\Projects\CallPrice\CallPrice\Debug\link.6716-rc.write.1.tlog
C:\Users\Jerry\documents\visual studio 2012\Projects\CallPrice\CallPrice\Debug\link.6716.read.1.tlog
C:\Users\Jerry\documents\visual studio 2012\Projects\CallPrice\CallPrice\Debug\link.6716.write.1.tlog
C:\Users\Jerry\documents\visual studio 2012\Projects\CallPrice\CallPrice\Debug\link.7124-cvtres.read.1.tlog
C:\Users\Jerry\documents\visual studio 2012\Projects\CallPrice\CallPrice\Debug\link.7124-cvtres.write.1.tlog
C:\Users\Jerry\documents\visual studio 2012\Projects\CallPrice\CallPrice\Debug\link.7124-rc.read.1.tlog
C:\Users\Jerry\documents\visual studio 2012\Projects\CallPrice\CallPrice\Debug\link.7124-rc.write.1.tlog
C:\Users\Jerry\documents\visual studio 2012\Projects\CallPrice\CallPrice\Debug\link.7124.read.1.tlog
C:\Users\Jerry\documents\visual studio 2012\Projects\CallPrice\CallPrice\Debug\link.7124.write.1.tlog
C:\Users\Jerry\documents\visual studio 2012\Projects\CallPrice\CallPrice\Debug\link.7240-cvtres.read.1.tlog
C:\Users\Jerry\documents\visual studio 2012\Projects\CallPrice\CallPrice\Debug\link.7240-cvtres.write.1.tlog
C:\Users\Jerry\documents\visual studio 2012\Projects\CallPrice\CallPrice\Debug\link.7240-rc.read.1.tlog
C:\Users\Jerry\documents\visual studio 2012\Projects\CallPrice\CallPrice\Debug\link.7240-rc.write.1.tlog
C:\Users\Jerry\documents\visual studio 2012\Projects\CallPrice\CallPrice\Debug\link.7240.read.1.tlog
C:\Users\Jerry\documents\visual studio 2012\Projects\CallPrice\CallPrice\Debug\link.7240.write.1.tlog
C:\Users\Jerry\documents\visual studio 2012\Projects\CallPrice\CallPrice\Debug\link.7408-cvtres.read.1.tlog
C:\Users\Jerry\documents\visual studio 2012\Projects\CallPrice\CallPrice\Debug\link.7408-cvtres.write.1.tlog
C:\Users\Jerry\documents\visual studio 2012\Projects\CallPrice\CallPrice\Debug\link.7408-rc.read.1.tlog
C:\Users\Jerry\documents\visual studio 2012\Projects\CallPrice\CallPrice\Debug\link.7408-rc.write.1.tlog
C:\Users\Jerry\documents\visual studio 2012\Projects\CallPrice\CallPrice\Debug\link.7408.read.1.tlog
C:\Users\Jerry\documents\visual studio 2012\Projects\CallPrice\CallPrice\Debug\link.7408.write.1.tlog
C:\Users\Jerry\documents\visual studio 2012\Projects\CallPrice\CallPrice\Debug\link.7684-cvtres.read.1.tlog
C:\Users\Jerry\documents\visual studio 2012\Projects\CallPrice\CallPrice\Debug\link.7684-cvtres.write.1.tlog
C:\Users\Jerry\documents\visual studio 2012\Projects\CallPrice\CallPrice\Debug\link.7684-rc.read.1.tlog
C:\Users\Jerry\documents\visual studio 2012\Projects\CallPrice\CallPrice\Debug\link.7684-rc.write.1.tlog
C:\Users\Jerry\documents\visual studio 2012\Projects\CallPrice\CallPrice\Debug\link.7684.read.1.tlog
C:\Users\Jerry\documents\visual studio 2012\Projects\CallPrice\CallPrice\Debug\link.7684.write.1.tlog
C:\Users\Jerry\documents\visual studio 2012\Projects\CallPrice\CallPrice\Debug\link.7728-cvtres.read.1.tlog
C:\Users\Jerry\documents\visual studio 2012\Projects\CallPrice\CallPrice\Debug\link.7728-cvtres.write.1.tlog
C:\Users\Jerry\documents\visual studio 2012\Projects\CallPrice\CallPrice\Debug\link.7728-rc.read.1.tlog
C:\Users\Jerry\documents\visual studio 2012\Projects\CallPrice\CallPrice\Debug\link.7728-rc.write.1.tlog
C:\Users\Jerry\documents\visual studio 2012\Projects\CallPrice\CallPrice\Debug\link.7728.read.1.tlog
C:\Users\Jerry\documents\visual studio 2012\Projects\CallPrice\CallPrice\Debug\link.7728.write.1.tlog
C:\Users\Jerry\documents\visual studio 2012\Projects\CallPrice\CallPrice\Debug\link.7896-cvtres.read.1.tlog
C:\Users\Jerry\documents\visual studio 2012\Projects\CallPrice\CallPrice\Debug\link.7896-cvtres.write.1.tlog
C:\Users\Jerry\documents\visual studio 2012\Projects\CallPrice\CallPrice\Debug\link.7896-rc.read.1.tlog
C:\Users\Jerry\documents\visual studio 2012\Projects\CallPrice\CallPrice\Debug\link.7896-rc.write.1.tlog
C:\Users\Jerry\documents\visual studio 2012\Projects\CallPrice\CallPrice\Debug\link.7896.read.1.tlog
C:\Users\Jerry\documents\visual studio 2012\Projects\CallPrice\CallPrice\Debug\link.7896.write.1.tlog
C:\Users\Jerry\documents\visual studio 2012\Projects\CallPrice\CallPrice\Debug\link.8284-cvtres.read.1.tlog
C:\Users\Jerry\documents\visual studio 2012\Projects\CallPrice\CallPrice\Debug\link.8284-cvtres.write.1.tlog
C:\Users\Jerry\documents\visual studio 2012\Projects\CallPrice\CallPrice\Debug\link.8284-rc.read.1.tlog
C:\Users\Jerry\documents\visual studio 2012\Projects\CallPrice\CallPrice\Debug\link.8284-rc.write.1.tlog
C:\Users\Jerry\documents\visual studio 2012\Projects\CallPrice\CallPrice\Debug\link.8284.read.1.tlog
C:\Users\Jerry\documents\visual studio 2012\Projects\CallPrice\CallPrice\Debug\link.8284.write.1.tlog
C:\Users\Jerry\documents\visual studio 2012\Projects\CallPrice\CallPrice\Debug\link.8388-cvtres.read.1.tlog
C:\Users\Jerry\documents\visual studio 2012\Projects\CallPrice\CallPrice\Debug\link.8388-cvtres.write.1.tlog
C:\Users\Jerry\documents\visual studio 2012\Projects\CallPrice\CallPrice\Debug\link.8388-rc.read.1.tlog
C:\Users\Jerry\documents\visual studio 2012\Projects\CallPrice\CallPrice\Debug\link.8388-rc.write.1.tlog
C:\Users\Jerry\documents\visual studio 2012\Projects\CallPrice\CallPrice\Debug\link.8388.read.1.tlog
C:\Users\Jerry\documents\visual studio 2012\Projects\CallPrice\CallPrice\Debug\link.8388.write.1.tlog
C:\Users\Jerry\documents\visual studio 2012\Projects\CallPrice\CallPrice\Debug\link.8460-cvtres.read.1.tlog
C:\Users\Jerry\documents\visual studio 2012\Projects\CallPrice\CallPrice\Debug\link.8460-cvtres.write.1.tlog
C:\Users\Jerry\documents\visual studio 2012\Projects\CallPrice\CallPrice\Debug\link.8460-rc.read.1.tlog
C:\Users\Jerry\documents\visual studio 2012\Projects\CallPrice\CallPrice\Debug\link.8460-rc.write.1.tlog
C:\Users\Jerry\documents\visual studio 2012\Projects\CallPrice\CallPrice\Debug\link.8460.read.1.tlog
C:\Users\Jerry\documents\visual studio 2012\Projects\CallPrice\CallPrice\Debug\link.8460.write.1.tlog
C:\Users\Jerry\documents\visual studio 2012\Projects\CallPrice\CallPrice\Debug\link.8476-cvtres.read.1.tlog
C:\Users\Jerry\documents\visual studio 2012\Projects\CallPrice\CallPrice\Debug\link.8476-cvtres.write.1.tlog
C:\Users\Jerry\documents\visual studio 2012\Projects\CallPrice\CallPrice\Debug\link.8476-rc.read.1.tlog
C:\Users\Jerry\documents\visual studio 2012\Projects\CallPrice\CallPrice\Debug\link.8476-rc.write.1.tlog
C:\Users\Jerry\documents\visual studio 2012\Projects\CallPrice\CallPrice\Debug\link.8476.read.1.tlog
C:\Users\Jerry\documents\visual studio 2012\Projects\CallPrice\CallPrice\Debug\link.8476.write.1.tlog
C:\Users\Jerry\documents\visual studio 2012\Projects\CallPrice\CallPrice\Debug\link.8592-cvtres.read.1.tlog
C:\Users\Jerry\documents\visual studio 2012\Projects\CallPrice\CallPrice\Debug\link.8592-cvtres.write.1.tlog
C:\Users\Jerry\documents\visual studio 2012\Projects\CallPrice\CallPrice\Debug\link.8592-rc.read.1.tlog
C:\Users\Jerry\documents\visual studio 2012\Projects\CallPrice\CallPrice\Debug\link.8592-rc.write.1.tlog
C:\Users\Jerry\documents\visual studio 2012\Projects\CallPrice\CallPrice\Debug\link.8592.read.1.tlog
C:\Users\Jerry\documents\visual studio 2012\Projects\CallPrice\CallPrice\Debug\link.8592.write.1.tlog
C:\Users\Jerry\documents\visual studio 2012\Projects\CallPrice\CallPrice\Debug\link.9128-cvtres.read.1.tlog
C:\Users\Jerry\documents\visual studio 2012\Projects\CallPrice\CallPrice\Debug\link.9128-cvtres.write.1.tlog
C:\Users\Jerry\documents\visual studio 2012\Projects\CallPrice\CallPrice\Debug\link.9128-rc.read.1.tlog
C:\Users\Jerry\documents\visual studio 2012\Projects\CallPrice\CallPrice\Debug\link.9128-rc.write.1.tlog
C:\Users\Jerry\documents\visual studio 2012\Projects\CallPrice\CallPrice\Debug\link.9128.read.1.tlog
C:\Users\Jerry\documents\visual studio 2012\Projects\CallPrice\CallPrice\Debug\link.9128.write.1.tlog
C:\Users\Jerry\documents\visual studio 2012\Projects\CallPrice\CallPrice\Debug\link.9204-cvtres.read.1.tlog
C:\Users\Jerry\documents\visual studio 2012\Projects\CallPrice\CallPrice\Debug\link.9204-cvtres.write.1.tlog
C:\Users\Jerry\documents\visual studio 2012\Projects\CallPrice\CallPrice\Debug\link.9204-rc.read.1.tlog
C:\Users\Jerry\documents\visual studio 2012\Projects\CallPrice\CallPrice\Debug\link.9204-rc.write.1.tlog
C:\Users\Jerry\documents\visual studio 2012\Projects\CallPrice\CallPrice\Debug\link.9204.read.1.tlog
C:\Users\Jerry\documents\visual studio 2012\Projects\CallPrice\CallPrice\Debug\link.9204.write.1.tlog
C:\Users\Jerry\documents\visual studio 2012\Projects\CallPrice\CallPrice\Debug\link.command.1.tlog
C:\Users\Jerry\documents\visual studio 2012\Projects\CallPrice\CallPrice\Debug\link.read.1.tlog
C:\Users\Jerry\documents\visual studio 2012\Projects\CallPrice\CallPrice\Debug\link.write.1.tlog
C:\Users\Jerry\documents\visual studio 2012\Projects\CallPrice\CallPrice\Debug\metagen.read.1.tlog
C:\Users\Jerry\documents\visual studio 2012\Projects\CallPrice\CallPrice\Debug\metagen.write.1.tlog
C:\Users\Jerry\documents\visual studio 2012\Projects\CallPrice\CallPrice\Debug\vc110.pdb
C:\Users\Jerry\documents\visual studio 2012\Projects\CallPrice\CallPrice\Debug\RSAENH.DLL.bi
C:\Users\Jerry\documents\visual studio 2012\Projects\CallPrice\CallPrice\Debug\TZRES.DLL.bi
C:\Users\Jerry\documents\visual studio 2012\Projects\CallPrice\Debug\CallPrice.pdb
C:\Users\Jerry\documents\visual studio 2012\Projects\CallPrice\Debug\CallPrice.exe
C:\Users\Jerry\documents\visual studio 2012\Projects\CallPrice\Debug\CallPrice.ilk
